Error displaying message
java.lang.reflect.InvocationTargetException
	at java.awt.EventQueue.invokeAndWait(EventQueue.java:1321)
	at java.awt.EventQueue.invokeAndWait(EventQueue.java:1296)
	at javax.swing.SwingUtilities.invokeAndWait(SwingUtilities.java:1348)
	at uchicago.src.sim.gui.RepastConsole.copyOutputToConsole(Unknown Source)
	at uchicago.src.sim.gui.RepastConsole.run(Unknown Source)
	at java.lang.Thread.run(Thread.java:745)
Caused by: java.lang.OutOfMemoryError: Java heap space
	at javax.swing.text.GapContent.allocateArray(GapContent.java:94)
	at javax.swing.text.GapVector.resize(GapVector.java:214)
	at javax.swing.text.GapVector.shiftEnd(GapVector.java:229)
	at javax.swing.text.GapContent.shiftEnd(GapContent.java:345)
	at javax.swing.text.GapVector.open(GapVector.java:201)
	at javax.swing.text.GapVector.replace(GapVector.java:142)
	at javax.swing.text.GapContent.insertString(GapContent.java:132)
	at javax.swing.text.AbstractDocument.handleInsertString(AbstractDocument.java:723)
	at javax.swing.text.AbstractDocument.insertString(AbstractDocument.java:707)
	at javax.swing.text.PlainDocument.insertString(PlainDocument.java:130)
	at javax.swing.JTextArea.append(JTextArea.java:477)
	at uchicago.src.sim.gui.RepastConsole$Cat.run(Unknown Source)
	at java.awt.event.InvocationEvent.dispatch(InvocationEvent.java:301)
	at java.awt.EventQueue.dispatchEventImpl(EventQueue.java:756)
	at java.awt.EventQueue.access$500(EventQueue.java:97)
	at java.awt.EventQueue$3.run(EventQueue.java:709)
	at java.awt.EventQueue$3.run(EventQueue.java:703)
	at java.security.AccessController.doPrivileged(Native Method)
	at java.security.ProtectionDomain$JavaSecurityAccessImpl.doIntersectionPrivilege(ProtectionDomain.java:76)
	at java.awt.EventQueue.dispatchEvent(EventQueue.java:726)
	at java.awt.EventDispatchThread.pumpOneEventForFilters(EventDispatchThread.java:201)
	at java.awt.EventDispatchThread.pumpEventsForFilter(EventDispatchThread.java:116)
	at java.awt.EventDispatchThread.pumpEventsForHierarchy(EventDispatchThread.java:105)
	at java.awt.EventDispatchThread.pumpEvents(EventDispatchThread.java:101)
	at java.awt.EventDispatchThread.pumpEvents(EventDispatchThread.java:93)
	at java.awt.EventDispatchThread.run(EventDispatchThread.java:82)
